This is pdfTeX, Version 3.141592653-2.6-1.40.26 (TeX Live 2024) (preloaded format=pdflatex 2025.2.19)  15 MAY 2025 04:49
entering extended mode
 restricted \write18 enabled.
 %&-line parsing enabled.
**main.tex
(./main.tex
LaTeX2e <2024-11-01> patch level 2
L3 programming layer <2025-01-18>
(c:/Users/Blu-Ray/AppData/Roaming/TinyTeX/texmf-dist/tex/latex/base/article.cls
Document Class: article 2024/06/29 v1.4n Standard LaTeX document class
(c:/Users/Blu-Ray/AppData/Roaming/TinyTeX/texmf-dist/tex/latex/base/size12.clo
File: size12.clo 2024/06/29 v1.4n Standard LaTeX file (size option)
)
\c@part=\count196
\c@section=\count197
\c@subsection=\count198
\c@subsubsection=\count199
\c@paragraph=\count266
\c@subparagraph=\count267
\c@figure=\count268
\c@table=\count269
\abovecaptionskip=\skip49
\belowcaptionskip=\skip50
\bibindent=\dimen141
) (c:/Users/Blu-Ray/AppData/Roaming/TinyTeX/texmf-dist/tex/latex/base/inputenc.sty
Package: inputenc 2024/02/08 v1.3d Input encoding file
\inpenc@prehook=\toks17
\inpenc@posthook=\toks18
) (c:/Users/Blu-Ray/AppData/Roaming/TinyTeX/texmf-dist/tex/generic/babel/babel.sty
Package: babel 2025/02/14 v25.4 The multilingual framework for pdfLaTeX, LuaLaTeX and XeLaTeX
\babel@savecnt=\count270
\U@D=\dimen142
\l@unhyphenated=\language5
 (c:/Users/Blu-Ray/AppData/Roaming/TinyTeX/texmf-dist/tex/generic/babel/txtbabel.def)
\bbl@readstream=\read2
\bbl@dirlevel=\count271
 (c:/Users/Blu-Ray/AppData/Roaming/TinyTeX/texmf-dist/tex/generic/babel/errbabel.def)

! Package babel Error: Unknown option 'english'. Either you misspelled it
(babel)                or the language definition file english.ldf
(babel)                was not found.
(babel)                There is a locale ini file for this language.
(babel)                If it’s the main language, try adding `provide=*'
(babel)                to the babel package options.

See the babel package documentation for explanation.
Type  H <return>  for immediate help.
 ...                                              
                                                  
l.4138 \ProcessOptions*
                       
Valid options are, among others: shorthands=, KeepShorthandsActive,
activeacute, activegrave, noconfigs, safe=, main=, math=
headfoot=, strings=, config=, hyphenmap=, or a language name.

Package babel Info: You haven't specified a language as a class or package
(babel)             option. I'll load 'nil'. Reported on input line 4188.
(c:/Users/Blu-Ray/AppData/Roaming/TinyTeX/texmf-dist/tex/generic/babel/nil.ldf
Language: nil 2025/02/14 v25.4 Nil language
\l@nil=\language6
)) (c:/Users/Blu-Ray/AppData/Roaming/TinyTeX/texmf-dist/tex/latex/graphics/graphicx.sty
Package: graphicx 2021/09/16 v1.2d Enhanced LaTeX Graphics (DPC,SPQR)
 (c:/Users/Blu-Ray/AppData/Roaming/TinyTeX/texmf-dist/tex/latex/graphics/keyval.sty
Package: keyval 2022/05/29 v1.15 key=value parser (DPC)
\KV@toks@=\toks19
) (c:/Users/Blu-Ray/AppData/Roaming/TinyTeX/texmf-dist/tex/latex/graphics/graphics.sty
Package: graphics 2024/08/06 v1.4g Standard LaTeX Graphics (DPC,SPQR)
 (c:/Users/Blu-Ray/AppData/Roaming/TinyTeX/texmf-dist/tex/latex/graphics/trig.sty
Package: trig 2023/12/02 v1.11 sin cos tan (DPC)
) (c:/Users/Blu-Ray/AppData/Roaming/TinyTeX/texmf-dist/tex/latex/graphics-cfg/graphics.cfg
File: graphics.cfg 2016/06/04 v1.11 sample graphics configuration
)
Package graphics Info: Driver file: pdftex.def on input line 106.
 (c:/Users/Blu-Ray/AppData/Roaming/TinyTeX/texmf-dist/tex/latex/graphics-def/pdftex.def
File: pdftex.def 2024/04/13 v1.2c Graphics/color driver for pdftex
))
\Gin@req@height=\dimen143
\Gin@req@width=\dimen144
) (c:/Users/Blu-Ray/AppData/Roaming/TinyTeX/texmf-dist/tex/latex/amsmath/amsmath.sty
Package: amsmath 2024/11/05 v2.17t AMS math features
\@mathmargin=\skip51

For additional information on amsmath, use the `?' option.
(c:/Users/Blu-Ray/AppData/Roaming/TinyTeX/texmf-dist/tex/latex/amsmath/amstext.sty
Package: amstext 2021/08/26 v2.01 AMS text
 (c:/Users/Blu-Ray/AppData/Roaming/TinyTeX/texmf-dist/tex/latex/amsmath/amsgen.sty
File: amsgen.sty 1999/11/30 v2.0 generic functions
\@emptytoks=\toks20
\ex@=\dimen145
)) (c:/Users/Blu-Ray/AppData/Roaming/TinyTeX/texmf-dist/tex/latex/amsmath/amsbsy.sty
Package: amsbsy 1999/11/29 v1.2d Bold Symbols
\pmbraise@=\dimen146
) (c:/Users/Blu-Ray/AppData/Roaming/TinyTeX/texmf-dist/tex/latex/amsmath/amsopn.sty
Package: amsopn 2022/04/08 v2.04 operator names
)
\inf@bad=\count272
LaTeX Info: Redefining \frac on input line 233.
\uproot@=\count273
\leftroot@=\count274
LaTeX Info: Redefining \overline on input line 398.
LaTeX Info: Redefining \colon on input line 409.
\classnum@=\count275
\DOTSCASE@=\count276
LaTeX Info: Redefining \ldots on input line 495.
LaTeX Info: Redefining \dots on input line 498.
LaTeX Info: Redefining \cdots on input line 619.
\Mathstrutbox@=\box52
\strutbox@=\box53
LaTeX Info: Redefining \big on input line 721.
LaTeX Info: Redefining \Big on input line 722.
LaTeX Info: Redefining \bigg on input line 723.
LaTeX Info: Redefining \Bigg on input line 724.
\big@size=\dimen147
LaTeX Font Info:    Redeclaring font encoding OML on input line 742.
LaTeX Font Info:    Redeclaring font encoding OMS on input line 743.
\macc@depth=\count277
LaTeX Info: Redefining \bmod on input line 904.
LaTeX Info: Redefining \pmod on input line 909.
LaTeX Info: Redefining \smash on input line 939.
LaTeX Info: Redefining \relbar on input line 969.
LaTeX Info: Redefining \Relbar on input line 970.
\c@MaxMatrixCols=\count278
\dotsspace@=\muskip17
\c@parentequation=\count279
\dspbrk@lvl=\count280
\tag@help=\toks21
\row@=\count281
\column@=\count282
\maxfields@=\count283
\andhelp@=\toks22
\eqnshift@=\dimen148
\alignsep@=\dimen149
\tagshift@=\dimen150
\tagwidth@=\dimen151
\totwidth@=\dimen152
\lineht@=\dimen153
\@envbody=\toks23
\multlinegap=\skip52
\multlinetaggap=\skip53
\mathdisplay@stack=\toks24
LaTeX Info: Redefining \[ on input line 2953.
LaTeX Info: Redefining \] on input line 2954.
) (c:/Users/Blu-Ray/AppData/Roaming/TinyTeX/texmf-dist/tex/latex/amsfonts/amssymb.sty
Package: amssymb 2013/01/14 v3.01 AMS font symbols
 (c:/Users/Blu-Ray/AppData/Roaming/TinyTeX/texmf-dist/tex/latex/amsfonts/amsfonts.sty
Package: amsfonts 2013/01/14 v3.01 Basic AMSFonts support
\symAMSa=\mathgroup4
\symAMSb=\mathgroup5
LaTeX Font Info:    Redeclaring math symbol \hbar on input line 98.
LaTeX Font Info:    Overwriting math alphabet `\mathfrak' in version `bold'
(Font)                  U/euf/m/n --> U/euf/b/n on input line 106.
)) (c:/Users/Blu-Ray/AppData/Roaming/TinyTeX/texmf-dist/tex/latex/booktabs/booktabs.sty
Package: booktabs 2020/01/12 v1.61803398 Publication quality tables
\heavyrulewidth=\dimen154
\lightrulewidth=\dimen155
\cmidrulewidth=\dimen156
\belowrulesep=\dimen157
\belowbottomsep=\dimen158
\aboverulesep=\dimen159
\abovetopsep=\dimen160
\cmidrulesep=\dimen161
\cmidrulekern=\dimen162
\defaultaddspace=\dimen163
\@cmidla=\count284
\@cmidlb=\count285
\@aboverulesep=\dimen164
\@belowrulesep=\dimen165
\@thisruleclass=\count286
\@lastruleclass=\count287
\@thisrulewidth=\dimen166
) (c:/Users/Blu-Ray/AppData/Roaming/TinyTeX/texmf-dist/tex/latex/geometry/geometry.sty
Package: geometry 2020/01/02 v5.9 Page Geometry
 (c:/Users/Blu-Ray/AppData/Roaming/TinyTeX/texmf-dist/tex/generic/iftex/ifvtex.sty
Package: ifvtex 2019/10/25 v1.7 ifvtex legacy package. Use iftex instead.
 (c:/Users/Blu-Ray/AppData/Roaming/TinyTeX/texmf-dist/tex/generic/iftex/iftex.sty
Package: iftex 2024/12/12 v1.0g TeX engine tests
))
\Gm@cnth=\count288
\Gm@cntv=\count289
\c@Gm@tempcnt=\count290
\Gm@bindingoffset=\dimen167
\Gm@wd@mp=\dimen168
\Gm@odd@mp=\dimen169
\Gm@even@mp=\dimen170
\Gm@layoutwidth=\dimen171
\Gm@layoutheight=\dimen172
\Gm@layouthoffset=\dimen173
\Gm@layoutvoffset=\dimen174
\Gm@dimlist=\toks25
)

LaTeX Warning: Creating output directory 'build' if it doesn't exist.

runsystem(mkdir -p build)...disabled (restricted).

! Undefined control sequence.
l.19 \definecolor
                 {codegreen}{rgb}{0,0.6,0}
The control sequence at the end of the top line
of your error message was never \def'ed. If you have
misspelled it (e.g., `\hobx'), type `I' and the correct
spelling (e.g., `I\hbox'). Otherwise just continue,
and I'll forget about whatever was undefined.


! LaTeX Error: Missing \begin{document}.

See the LaTeX manual or LaTeX Companion for explanation.
Type  H <return>  for immediate help.
 ...                                              
                                                  
l.19 \definecolor{c
                   odegreen}{rgb}{0,0.6,0}
You're in trouble here.  Try typing  <return>  to proceed.
If that doesn't work, type  X <return>  to quit.

! Undefined control sequence.
l.20 \definecolor
                 {codegray}{rgb}{0.5,0.5,0.5}
The control sequence at the end of the top line
of your error message was never \def'ed. If you have
misspelled it (e.g., `\hobx'), type `I' and the correct
spelling (e.g., `I\hbox'). Otherwise just continue,
and I'll forget about whatever was undefined.

! Undefined control sequence.
l.21 \definecolor
                 {codepurple}{rgb}{0.58,0,0.82}
The control sequence at the end of the top line
of your error message was never \def'ed. If you have
misspelled it (e.g., `\hobx'), type `I' and the correct
spelling (e.g., `I\hbox'). Otherwise just continue,
and I'll forget about whatever was undefined.

! Undefined control sequence.
l.22 \definecolor
                 {backcolour}{rgb}{0.95,0.95,0.92}
The control sequence at the end of the top line
of your error message was never \def'ed. If you have
misspelled it (e.g., `\hobx'), type `I' and the correct
spelling (e.g., `I\hbox'). Otherwise just continue,
and I'll forget about whatever was undefined.

! Undefined control sequence.
l.23 \definecolor
                 {alexuniblue}{rgb}{0.0, 0.27, 0.53} % Alexandria University...
The control sequence at the end of the top line
of your error message was never \def'ed. If you have
misspelled it (e.g., `\hobx'), type `I' and the correct
spelling (e.g., `I\hbox'). Otherwise just continue,
and I'll forget about whatever was undefined.


Overfull \hbox (117.85583pt too wide) in paragraph at lines 19--24
[]\OT1/cmr/m/n/12 codegreenrgb0,0.6,0 codegrayrgb0.5,0.5,0.5 codepurplergb0.58,0,0.82 backcolourrgb0.95,0.95,0.92
 []

! Undefined control sequence.
l.26 \lstdefinestyle
                    {mystyle}{
The control sequence at the end of the top line
of your error message was never \def'ed. If you have
misspelled it (e.g., `\hobx'), type `I' and the correct
spelling (e.g., `I\hbox'). Otherwise just continue,
and I'll forget about whatever was undefined.


! LaTeX Error: Missing \begin{document}.

See the LaTeX manual or LaTeX Companion for explanation.
Type  H <return>  for immediate help.
 ...                                              
                                                  
l.26 \lstdefinestyle{m
                      ystyle}{
You're in trouble here.  Try typing  <return>  to proceed.
If that doesn't work, type  X <return>  to quit.

! Undefined control sequence.
l.27     backgroundcolor=\color
                               {backcolour},
The control sequence at the end of the top line
of your error message was never \def'ed. If you have
misspelled it (e.g., `\hobx'), type `I' and the correct
spelling (e.g., `I\hbox'). Otherwise just continue,
and I'll forget about whatever was undefined.

! Undefined control sequence.
l.28     commentstyle=\color
                            {codegreen},
The control sequence at the end of the top line
of your error message was never \def'ed. If you have
misspelled it (e.g., `\hobx'), type `I' and the correct
spelling (e.g., `I\hbox'). Otherwise just continue,
and I'll forget about whatever was undefined.

! Undefined control sequence.
l.29     keywordstyle=\color
                            {magenta},
The control sequence at the end of the top line
of your error message was never \def'ed. If you have
misspelled it (e.g., `\hobx'), type `I' and the correct
spelling (e.g., `I\hbox'). Otherwise just continue,
and I'll forget about whatever was undefined.

! Undefined control sequence.
l.30     numberstyle=\tiny\color
                                {codegray},
The control sequence at the end of the top line
of your error message was never \def'ed. If you have
misspelled it (e.g., `\hobx'), type `I' and the correct
spelling (e.g., `I\hbox'). Otherwise just continue,
and I'll forget about whatever was undefined.

! Undefined control sequence.
l.31     stringstyle=\color
                           {codepurple},
The control sequence at the end of the top line
of your error message was never \def'ed. If you have
misspelled it (e.g., `\hobx'), type `I' and the correct
spelling (e.g., `I\hbox'). Otherwise just continue,
and I'll forget about whatever was undefined.

! Undefined control sequence.
l.44 \lstset
            {style=mystyle}
The control sequence at the end of the top line
of your error message was never \def'ed. If you have
misspelled it (e.g., `\hobx'), type `I' and the correct
spelling (e.g., `I\hbox'). Otherwise just continue,
and I'll forget about whatever was undefined.


Overfull \hbox (81.36594pt too wide) in paragraph at lines 26--45
[]\OT1/cmr/m/n/12 mystyle backgroundcolor=backcolour, commentstyle=codegreen, keywordstyle=magenta,
 []


Overfull \hbox (54.08992pt too wide) in paragraph at lines 26--45
\OT1/cmr/m/n/12 numberstyle=\OT1/cmr/m/n/6 codegray, stringstyle=codepurple, basicstyle=\OT1/cmtt/m/n/10 , breakatwhitespace=false, breaklines=true,
 []


Overfull \hbox (14.24648pt too wide) in paragraph at lines 26--45
\OT1/cmtt/m/n/10 captionpos=b, keepspaces=true, numbers=left, numbersep=5pt, showspaces=false,
 []

! Undefined control sequence.
l.47 \lstdefinestyle
                    {pseudocode}{
The control sequence at the end of the top line
of your error message was never \def'ed. If you have
misspelled it (e.g., `\hobx'), type `I' and the correct
spelling (e.g., `I\hbox'). Otherwise just continue,
and I'll forget about whatever was undefined.


! LaTeX Error: Missing \begin{document}.

See the LaTeX manual or LaTeX Companion for explanation.
Type  H <return>  for immediate help.
 ...                                              
                                                  
l.47 \lstdefinestyle{p
                      seudocode}{
You're in trouble here.  Try typing  <return>  to proceed.
If that doesn't work, type  X <return>  to quit.

! Undefined control sequence.
l.48     backgroundcolor=\color
                               {white},
The control sequence at the end of the top line
of your error message was never \def'ed. If you have
misspelled it (e.g., `\hobx'), type `I' and the correct
spelling (e.g., `I\hbox'). Otherwise just continue,
and I'll forget about whatever was undefined.

! Undefined control sequence.
l.49     commentstyle=\color
                            {codegreen},
The control sequence at the end of the top line
of your error message was never \def'ed. If you have
misspelled it (e.g., `\hobx'), type `I' and the correct
spelling (e.g., `I\hbox'). Otherwise just continue,
and I'll forget about whatever was undefined.

! Undefined control sequence.
l.50     keywordstyle=\color
                            {blue},
The control sequence at the end of the top line
of your error message was never \def'ed. If you have
misspelled it (e.g., `\hobx'), type `I' and the correct
spelling (e.g., `I\hbox'). Otherwise just continue,
and I'll forget about whatever was undefined.

! Undefined control sequence.
l.51     numberstyle=\tiny\color
                                {codegray},
The control sequence at the end of the top line
of your error message was never \def'ed. If you have
misspelled it (e.g., `\hobx'), type `I' and the correct
spelling (e.g., `I\hbox'). Otherwise just continue,
and I'll forget about whatever was undefined.

! Undefined control sequence.
l.52     stringstyle=\color
                           {codepurple},
The control sequence at the end of the top line
of your error message was never \def'ed. If you have
misspelled it (e.g., `\hobx'), type `I' and the correct
spelling (e.g., `I\hbox'). Otherwise just continue,
and I'll forget about whatever was undefined.


Overfull \hbox (52.64401pt too wide) in paragraph at lines 47--66
[]\OT1/cmr/m/n/12 pseudocode backgroundcolor=white, commentstyle=codegreen, keywordstyle=blue,
 []


Overfull \hbox (93.86702pt too wide) in paragraph at lines 47--66
\OT1/cmr/m/n/12 numberstyle=\OT1/cmr/m/n/6 codegray, stringstyle=codepurple, basicstyle=\OT1/cmtt/m/n/12 , breakatwhitespace=false, breaklines=true,
 []


Overfull \hbox (85.47523pt too wide) in paragraph at lines 47--66
\OT1/cmtt/m/n/12 captionpos=b, keepspaces=true, numbers=none, numbersep=5pt, showspaces=false,
 []

(c:/Users/Blu-Ray/AppData/Roaming/TinyTeX/texmf-dist/tex/latex/l3backend/l3backend-pdftex.def
File: l3backend-pdftex.def 2024-05-08 L3 backend support: PDF output (pdfTeX)
\l__color_backend_stack_int=\count291
\l__pdf_internal_box=\box54
)
No file main.aux.
\openout1 = `main.aux'.

LaTeX Font Info:    Checking defaults for OML/cmm/m/it on input line 77.
LaTeX Font Info:    ... okay on input line 77.
LaTeX Font Info:    Checking defaults for OMS/cmsy/m/n on input line 77.
LaTeX Font Info:    ... okay on input line 77.
LaTeX Font Info:    Checking defaults for OT1/cmr/m/n on input line 77.
LaTeX Font Info:    ... okay on input line 77.
LaTeX Font Info:    Checking defaults for T1/cmr/m/n on input line 77.
LaTeX Font Info:    ... okay on input line 77.
LaTeX Font Info:    Checking defaults for TS1/cmr/m/n on input line 77.
LaTeX Font Info:    ... okay on input line 77.
LaTeX Font Info:    Checking defaults for OMX/cmex/m/n on input line 77.
LaTeX Font Info:    ... okay on input line 77.
LaTeX Font Info:    Checking defaults for U/cmr/m/n on input line 77.
LaTeX Font Info:    ... okay on input line 77.
(c:/Users/Blu-Ray/AppData/Roaming/TinyTeX/texmf-dist/tex/latex/epstopdf-pkg/epstopdf-base.sty
Package: epstopdf-base 2020-01-24 v2.11 Base part for package epstopdf
Package epstopdf-base Info: Redefining graphics rule for `.eps' on input line 485.
 (c:/Users/Blu-Ray/AppData/Roaming/TinyTeX/texmf-dist/tex/latex/latexconfig/epstopdf-sys.cfg
File: epstopdf-sys.cfg 2010/07/13 v1.3 Configuration of (r)epstopdf for TeX Live
))
*geometry* driver: auto-detecting
*geometry* detected driver: pdftex
*geometry* verbose mode - [ preamble ] result:
* driver: pdftex
* paper: a4paper
* layout: <same size as paper>
* layoutoffset:(h,v)=(0.0pt,0.0pt)
* modes: 
* h-part:(L,W,R)=(72.26999pt, 452.9679pt, 72.26999pt)
* v-part:(T,H,B)=(72.26999pt, 700.50687pt, 72.26999pt)
* \paperwidth=597.50787pt
* \paperheight=845.04684pt
* \textwidth=452.9679pt
* \textheight=700.50687pt
* \oddsidemargin=0.0pt
* \evensidemargin=0.0pt
* \topmargin=-37.0pt
* \headheight=12.0pt
* \headsep=25.0pt
* \topskip=12.0pt
* \footskip=30.0pt
* \marginparwidth=35.0pt
* \marginparsep=10.0pt
* \columnsep=10.0pt
* \skip\footins=10.8pt plus 4.0pt minus 2.0pt
* \hoffset=0.0pt
* \voffset=0.0pt
* \mag=1000
* \@twocolumnfalse
* \@twosidefalse
* \@mparswitchfalse
* \@reversemarginfalse
* (1in=72.27pt=25.4mm, 1cm=28.453pt)



[1

{c:/Users/Blu-Ray/AppData/Roaming/TinyTeX/texmf-var/fonts/map/pdftex/updmap/pdftex.map}]
! Undefined control sequence.
l.91     {\huge\bfseries\color
                              {alexuniblue} Speech Emotion Recognition\\}
The control sequence at the end of the top line
of your error message was never \def'ed. If you have
misspelled it (e.g., `\hobx'), type `I' and the correct
spelling (e.g., `I\hbox'). Otherwise just continue,
and I'll forget about whatever was undefined.

LaTeX Font Info:    Trying to load font information for U+msa on input line 94.
(c:/Users/Blu-Ray/AppData/Roaming/TinyTeX/texmf-dist/tex/latex/amsfonts/umsa.fd
File: umsa.fd 2013/01/14 v3.01 AMS symbols A
)
LaTeX Font Info:    Trying to load font information for U+msb on input line 94.
 (c:/Users/Blu-Ray/AppData/Roaming/TinyTeX/texmf-dist/tex/latex/amsfonts/umsb.fd
File: umsb.fd 2013/01/14 v3.01 AMS symbols B
)
Overfull \hbox (15.28041pt too wide) in paragraph at lines 108--109
\OT1/cmr/m/n/10.95 (SER) systems, focusing on feature extraction techniques and comparative performance
 []


Overfull \hbox (4.74359pt too wide) in paragraph at lines 108--109
\OT1/cmr/m/n/10.95 of various CNN architectures. We implement both 1D and 2D convolutional networks
 []



[1]
No file main.toc.
\tf@toc=\write3
\openout3 = `main.toc'.



[1

] (./sections/introduction.tex
Overfull \hbox (14.99818pt too wide) in paragraph at lines 5--6
[]\OT1/cmr/m/n/12 SER presents unique challenges because emotional expressions in speech vary significantly
 []


Overfull \hbox (2.33571pt too wide) in paragraph at lines 11--12
[]\OT1/cmr/m/n/12 Identifying confusing emotion classes and investigating the causes of misclassification 
 []

) (./sections/dataset.tex

[2

]

LaTeX Warning: Reference `fig:waveforms' on page 3 undefined on input line 24.


LaTeX Warning: File `images/waveforms.png' not found on input line 28.


! Package pdftex.def Error: File `images/waveforms.png' not found: using draft setting.

See the pdftex.def package documentation for explanation.
Type  H <return>  for immediate help.
 ...                                              
                                                  
l.28 ...width=0.8\textwidth]{images/waveforms.png}
                                                  
Try typing  <return>  to proceed.
If that doesn't work, type  X <return>  to quit.



[3]) (./sections/feature_extraction.tex
Overfull \hbox (8.01898pt too wide) in paragraph at lines 44--1
[]\OT1/cmr/m/n/12 These preprocessing steps ensured that our models would be learning from the emotional
 []


LaTeX Warning: File `images/1d_features.jpg' not found on input line 23.


! Package pdftex.def Error: File `images/1d_features.jpg' not found: using draft setting.

See the pdftex.def package documentation for explanation.
Type  H <return>  for immediate help.
 ...                                              
                                                  
l.23 ...dth=0.8\textwidth]{images/1d_features.jpg}
                                                  
Try typing  <return>  to proceed.
If that doesn't work, type  X <return>  to quit.


LaTeX Warning: `h' float specifier changed to `ht'.



[4]

[5]

LaTeX Warning: File `images/mel_spectrograms.png' not found on input line 50.


! Package pdftex.def Error: File `images/mel_spectrograms.png' not found: using draft setting.

See the pdftex.def package documentation for explanation.
Type  H <return>  for immediate help.
 ...                                              
                                                  
l.50 ....8\textwidth]{images/mel_spectrograms.png}
                                                  
Try typing  <return>  to proceed.
If that doesn't work, type  X <return>  to quit.

) (./sections/model_architecture.tex

LaTeX Warning: Reference `fig:1d_cnn' on page 6 undefined on input line 7.


LaTeX Warning: File `images/1d_cnn_architecture.png' not found on input line 11.


! Package pdftex.def Error: File `images/1d_cnn_architecture.png' not found: using draft setting.

See the pdftex.def package documentation for explanation.
Type  H <return>  for immediate help.
 ...                                              
                                                  
l.11 ...textwidth]{images/1d_cnn_architecture.png}
                                                  
Try typing  <return>  to proceed.
If that doesn't work, type  X <return>  to quit.



[6]

! LaTeX Error: Environment lstlisting undefined.

See the LaTeX manual or LaTeX Companion for explanation.
Type  H <return>  for immediate help.
 ...                                              
                                                  
l.25 \begin{lstlisting}
                       [language=Python, style=pseudocode, caption=1D CNN Ar...
Your command was ignored.
Type  I <command> <return>  to replace it with another command,
or  <return>  to continue without it.

! Missing $ inserted.
<inserted text> 
                $
l.27 ...nput: Spectral features with shape [batch_
                                                  size, channels, time]
I've inserted a begin-math/end-math symbol since I think
you left one out. Proceed, with fingers crossed.

! Missing $ inserted.
<inserted text> 
                $
l.28 
     
I've inserted a begin-math/end-math symbol since I think
you left one out. Proceed, with fingers crossed.

! Missing $ inserted.
<inserted text> 
                $
l.30         Conv1D(in_
                       channels=input_channels, out_channels=128, kernel_siz...
I've inserted a begin-math/end-math symbol since I think
you left one out. Proceed, with fingers crossed.

! Missing $ inserted.
<inserted text> 
                $
l.35 
     
I've inserted a begin-math/end-math symbol since I think
you left one out. Proceed, with fingers crossed.


Overfull \hbox (78.98647pt too wide) in paragraph at lines 29--35
\OT1/cmr/m/n/12 3\OML/cmm/m/it/12 ; padding \OT1/cmr/m/n/12 = 1)\OML/cmm/m/it/12 GroupNorm\OT1/cmr/m/n/12 (\OML/cmm/m/it/12 channels \OT1/cmr/m/n/12 = 128)\OML/cmm/m/it/12 Activation\OT1/cmr/m/n/12 (\OML/cmm/m/it/12 ReLU=SiLU=ELU\OT1/cmr/m/n/12 )\OML/cmm/m/it/12 MaxPool\OT1/cmr/m/n/12 1\OML/cmm/m/it/12 D\OT1/cmr/m/n/12 (\OML/cmm/m/it/12 kernel[]ize \OT1/cmr/m/n/12 =
 []

! Missing $ inserted.
<inserted text> 
                $
l.37         Conv1D(in_
                       channels=128, out_channels=256, kernel_size=3, paddin...
I've inserted a begin-math/end-math symbol since I think
you left one out. Proceed, with fingers crossed.

! Missing $ inserted.
<inserted text> 
                $
l.42 
     
I've inserted a begin-math/end-math symbol since I think
you left one out. Proceed, with fingers crossed.


Overfull \hbox (9.91228pt too wide) in paragraph at lines 36--42
[]\OT1/cmr/m/n/12 ConvBlock2: Conv1D(in$[]\OML/cmm/m/it/12 hannels \OT1/cmr/m/n/12 = 128\OML/cmm/m/it/12 ; out[]hannels \OT1/cmr/m/n/12 = 256\OML/cmm/m/it/12 ; kernel[]ize \OT1/cmr/m/n/12 = 3\OML/cmm/m/it/12 ; padding \OT1/cmr/m/n/12 =
 []


Overfull \hbox (10.68709pt too wide) in paragraph at lines 36--42
\OT1/cmr/m/n/12 1)\OML/cmm/m/it/12 GroupNorm\OT1/cmr/m/n/12 (\OML/cmm/m/it/12 channels \OT1/cmr/m/n/12 = 256)\OML/cmm/m/it/12 Activation\OT1/cmr/m/n/12 (\OML/cmm/m/it/12 ReLU=SiLU=ELU\OT1/cmr/m/n/12 )\OML/cmm/m/it/12 MaxPool\OT1/cmr/m/n/12 1\OML/cmm/m/it/12 D\OT1/cmr/m/n/12 (\OML/cmm/m/it/12 kernel[]ize \OT1/cmr/m/n/12 =
 []



[7]
! Missing $ inserted.
<inserted text> 
                $
l.44         Conv1D(in_
                       channels=256, out_channels=512, kernel_size=3, paddin...
I've inserted a begin-math/end-math symbol since I think
you left one out. Proceed, with fingers crossed.

! Missing $ inserted.
<inserted text> 
                $
l.49 
     
I've inserted a begin-math/end-math symbol since I think
you left one out. Proceed, with fingers crossed.


Overfull \hbox (9.91228pt too wide) in paragraph at lines 43--49
[]\OT1/cmr/m/n/12 ConvBlock3: Conv1D(in$[]\OML/cmm/m/it/12 hannels \OT1/cmr/m/n/12 = 256\OML/cmm/m/it/12 ; out[]hannels \OT1/cmr/m/n/12 = 512\OML/cmm/m/it/12 ; kernel[]ize \OT1/cmr/m/n/12 = 3\OML/cmm/m/it/12 ; padding \OT1/cmr/m/n/12 =
 []


Overfull \hbox (10.68709pt too wide) in paragraph at lines 43--49
\OT1/cmr/m/n/12 1)\OML/cmm/m/it/12 GroupNorm\OT1/cmr/m/n/12 (\OML/cmm/m/it/12 channels \OT1/cmr/m/n/12 = 512)\OML/cmm/m/it/12 Activation\OT1/cmr/m/n/12 (\OML/cmm/m/it/12 ReLU=SiLU=ELU\OT1/cmr/m/n/12 )\OML/cmm/m/it/12 MaxPool\OT1/cmr/m/n/12 1\OML/cmm/m/it/12 D\OT1/cmr/m/n/12 (\OML/cmm/m/it/12 kernel[]ize \OT1/cmr/m/n/12 =
 []


! LaTeX Error: \begin{document} ended by \end{lstlisting}.

See the LaTeX manual or LaTeX Companion for explanation.
Type  H <return>  for immediate help.
 ...                                              
                                                  
l.53 \end{lstlisting}
                     
Your command was ignored.
Type  I <command> <return>  to replace it with another command,
or  <return>  to continue without it.


LaTeX Warning: Reference `fig:2d_cnn' on page 8 undefined on input line 57.


LaTeX Warning: File `images/2d_cnn_architecture.png' not found on input line 61.


! Package pdftex.def Error: File `images/2d_cnn_architecture.png' not found: using draft setting.

See the pdftex.def package documentation for explanation.
Type  H <return>  for immediate help.
 ...                                              
                                                  
l.61 ...textwidth]{images/2d_cnn_architecture.png}
                                                  
Try typing  <return>  to proceed.
If that doesn't work, type  X <return>  to quit.



[8]

! LaTeX Error: Environment lstlisting undefined.

See the LaTeX manual or LaTeX Companion for explanation.
Type  H <return>  for immediate help.
 ...                                              
                                                  
l.75 \begin{lstlisting}
                       [language=Python, style=pseudocode, caption=2D CNN Ar...
Your command was ignored.
Type  I <command> <return>  to replace it with another command,
or  <return>  to continue without it.

! Missing $ inserted.
<inserted text> 
                $
l.77     input: Mel spectrogram with shape [batch_
                                                  size, channels, height, wi...
I've inserted a begin-math/end-math symbol since I think
you left one out. Proceed, with fingers crossed.

! Missing $ inserted.
<inserted text> 
                $
l.78 
     
I've inserted a begin-math/end-math symbol since I think
you left one out. Proceed, with fingers crossed.

! Missing $ inserted.
<inserted text> 
                $
l.80         Conv2D(in_
                       channels=input_channels, out_channels=32, kernel_size...
I've inserted a begin-math/end-math symbol since I think
you left one out. Proceed, with fingers crossed.

! Missing $ inserted.
<inserted text> 
                $
l.85 
     
I've inserted a begin-math/end-math symbol since I think
you left one out. Proceed, with fingers crossed.


Overfull \hbox (85.6635pt too wide) in paragraph at lines 79--85
\OT1/cmr/m/n/12 3\OML/cmm/m/it/12 x\OT1/cmr/m/n/12 3\OML/cmm/m/it/12 ; padding \OT1/cmr/m/n/12 = 1)\OML/cmm/m/it/12 GroupNorm\OT1/cmr/m/n/12 (\OML/cmm/m/it/12 channels \OT1/cmr/m/n/12 = 32)\OML/cmm/m/it/12 Activation\OT1/cmr/m/n/12 (\OML/cmm/m/it/12 ReLU=SiLU=ELU\OT1/cmr/m/n/12 )\OML/cmm/m/it/12 MaxPool\OT1/cmr/m/n/12 2\OML/cmm/m/it/12 D\OT1/cmr/m/n/12 (\OML/cmm/m/it/12 kernel[]ize \OT1/cmr/m/n/12 =
 []

! Missing $ inserted.
<inserted text> 
                $
l.87         Conv2D(in_
                       channels=32, out_channels=64, kernel_size=3x3, paddin...
I've inserted a begin-math/end-math symbol since I think
you left one out. Proceed, with fingers crossed.

! Missing $ inserted.
<inserted text> 
                $
l.92 
     
I've inserted a begin-math/end-math symbol since I think
you left one out. Proceed, with fingers crossed.


Overfull \hbox (10.71437pt too wide) in paragraph at lines 86--92
[]\OT1/cmr/m/n/12 ConvBlock2: Conv2D(in$[]\OML/cmm/m/it/12 hannels \OT1/cmr/m/n/12 = 32\OML/cmm/m/it/12 ; out[]hannels \OT1/cmr/m/n/12 = 64\OML/cmm/m/it/12 ; kernel[]ize \OT1/cmr/m/n/12 = 3\OML/cmm/m/it/12 x\OT1/cmr/m/n/12 3\OML/cmm/m/it/12 ; padding \OT1/cmr/m/n/12 =
 []


Overfull \hbox (4.81215pt too wide) in paragraph at lines 86--92
\OT1/cmr/m/n/12 1)\OML/cmm/m/it/12 GroupNorm\OT1/cmr/m/n/12 (\OML/cmm/m/it/12 channels \OT1/cmr/m/n/12 = 64)\OML/cmm/m/it/12 Activation\OT1/cmr/m/n/12 (\OML/cmm/m/it/12 ReLU=SiLU=ELU\OT1/cmr/m/n/12 )\OML/cmm/m/it/12 MaxPool\OT1/cmr/m/n/12 2\OML/cmm/m/it/12 D\OT1/cmr/m/n/12 (\OML/cmm/m/it/12 kernel[]ize \OT1/cmr/m/n/12 =
 []

! Missing $ inserted.
<inserted text> 
                $
l.94         Conv2D(in_
                       channels=64, out_channels=512, kernel_size=3x3, paddi...
I've inserted a begin-math/end-math symbol since I think
you left one out. Proceed, with fingers crossed.

! Missing $ inserted.
<inserted text> 
                $
l.99 
     
I've inserted a begin-math/end-math symbol since I think
you left one out. Proceed, with fingers crossed.


Overfull \hbox (16.58931pt too wide) in paragraph at lines 93--99
[]\OT1/cmr/m/n/12 ConvBlock3: Conv2D(in$[]\OML/cmm/m/it/12 hannels \OT1/cmr/m/n/12 = 64\OML/cmm/m/it/12 ; out[]hannels \OT1/cmr/m/n/12 = 512\OML/cmm/m/it/12 ; kernel[]ize \OT1/cmr/m/n/12 = 3\OML/cmm/m/it/12 x\OT1/cmr/m/n/12 3\OML/cmm/m/it/12 ; padding \OT1/cmr/m/n/12 =
 []


Overfull \hbox (10.68709pt too wide) in paragraph at lines 93--99
\OT1/cmr/m/n/12 1)\OML/cmm/m/it/12 GroupNorm\OT1/cmr/m/n/12 (\OML/cmm/m/it/12 channels \OT1/cmr/m/n/12 = 512)\OML/cmm/m/it/12 Activation\OT1/cmr/m/n/12 (\OML/cmm/m/it/12 ReLU=SiLU=ELU\OT1/cmr/m/n/12 )\OML/cmm/m/it/12 MaxPool\OT1/cmr/m/n/12 2\OML/cmm/m/it/12 D\OT1/cmr/m/n/12 (\OML/cmm/m/it/12 kernel[]ize \OT1/cmr/m/n/12 =
 []

! Missing $ inserted.
<inserted text> 
                $
l.101         Conv2D(in_
                        channels=512, out_channels=1024, kernel_size=3x3, pa...
I've inserted a begin-math/end-math symbol since I think
you left one out. Proceed, with fingers crossed.

! Missing $ inserted.
<inserted text> 
                $
l.106 
      
I've inserted a begin-math/end-math symbol since I think
you left one out. Proceed, with fingers crossed.


Overfull \hbox (28.33919pt too wide) in paragraph at lines 100--106
[]\OT1/cmr/m/n/12 ConvBlock4: Conv2D(in$[]\OML/cmm/m/it/12 hannels \OT1/cmr/m/n/12 = 512\OML/cmm/m/it/12 ; out[]hannels \OT1/cmr/m/n/12 = 1024\OML/cmm/m/it/12 ; kernel[]ize \OT1/cmr/m/n/12 = 3\OML/cmm/m/it/12 x\OT1/cmr/m/n/12 3\OML/cmm/m/it/12 ; padding \OT1/cmr/m/n/12 =
 []


Overfull \hbox (16.56203pt too wide) in paragraph at lines 100--106
\OT1/cmr/m/n/12 1)\OML/cmm/m/it/12 GroupNorm\OT1/cmr/m/n/12 (\OML/cmm/m/it/12 channels \OT1/cmr/m/n/12 = 1024)\OML/cmm/m/it/12 Activation\OT1/cmr/m/n/12 (\OML/cmm/m/it/12 ReLU=SiLU=ELU\OT1/cmr/m/n/12 )\OML/cmm/m/it/12 MaxPool\OT1/cmr/m/n/12 2\OML/cmm/m/it/12 D\OT1/cmr/m/n/12 (\OML/cmm/m/it/12 kernel[]ize \OT1/cmr/m/n/12 =
 []


! LaTeX Error: \begin{document} ended by \end{lstlisting}.

See the LaTeX manual or LaTeX Companion for explanation.
Type  H <return>  for immediate help.
 ...                                              
                                                  
l.110 \end{lstlisting}
                      
Your command was ignored.
Type  I <command> <return>  to replace it with another command,
or  <return>  to continue without it.


LaTeX Warning: Reference `fig:combined_model' on page 9 undefined on input line 114.


LaTeX Warning: File `images/combined_model_architecture.png' not found on input line 118.


! Package pdftex.def Error: File `images/combined_model_architecture.png' not found: using draft setting.

See the pdftex.def package documentation for explanation.
Type  H <return>  for immediate help.
 ...                                              
                                                  
l.118 ...]{images/combined_model_architecture.png}
                                                  
Try typing  <return>  to proceed.
If that doesn't work, type  X <return>  to quit.


LaTeX Warning: `h' float specifier changed to `ht'.


Overfull \hbox (7.98427pt too wide) in paragraph at lines 128--129
[]\OT1/cmr/m/n/12 Passes the combined features through a fully connected block with layer normalization
 []


! LaTeX Error: Environment lstlisting undefined.

See the LaTeX manual or LaTeX Companion for explanation.
Type  H <return>  for immediate help.
 ...                                              
                                                  
l.132 \begin{lstlisting}
                        [language=Python, style=pseudocode, caption=Combined...
Your command was ignored.
Type  I <command> <return>  to replace it with another command,
or  <return>  to continue without it.

! Missing $ inserted.
<inserted text> 
                $
l.135         x_
                1d: Spectral features with shape [batch_size, channels, time]
I've inserted a begin-math/end-math symbol since I think
you left one out. Proceed, with fingers crossed.

! Missing $ inserted.
<inserted text> 
                $
l.137 
      
I've inserted a begin-math/end-math symbol since I think
you left one out. Proceed, with fingers crossed.


Overfull \hbox (38.94785pt too wide) in paragraph at lines 132--137
[]\OT1/cmr/m/n/12 [language=Python, style=pseudocode, caption=Combined Model Architecture (Pseudocode)]
 []


Overfull \hbox (34.76802pt too wide) in paragraph at lines 132--137
\OT1/cmr/m/n/12 class CombinedModel: inputs: x$[]\OML/cmm/m/it/12 d \OT1/cmr/m/n/12 : \OML/cmm/m/it/12 Spectralfeatureswithshape\OT1/cmr/m/n/12 [\OML/cmm/m/it/12 batch[]ize; channels; time\OT1/cmr/m/n/12 ]\OML/cmm/m/it/12 x[]d \OT1/cmr/m/n/12 :
 []

! You can't use `macro parameter character #' in vertical mode.
l.138     #
            1D CNN Path
Sorry, but I'm not programmed to handle this case;
I'll just pretend that you didn't ask for it.
If you're in the wrong mode, you might be able to
return to the right one by typing `I}' or `I$' or `I\par'.

! Missing $ inserted.
<inserted text> 
                $
l.139     features_
                   1d = CNN1D(x_1d)    # Output: [batch_size, 512]
I've inserted a begin-math/end-math symbol since I think
you left one out. Proceed, with fingers crossed.

! You can't use `macro parameter character #' in math mode.
l.139     features_1d = CNN1D(x_1d)    #
                                         Output: [batch_size, 512]
Sorry, but I'm not programmed to handle this case;
I'll just pretend that you didn't ask for it.
If you're in the wrong mode, you might be able to
return to the right one by typing `I}' or `I$' or `I\par'.

! Missing $ inserted.
<inserted text> 
                $
l.140 
      
I've inserted a begin-math/end-math symbol since I think
you left one out. Proceed, with fingers crossed.

! You can't use `macro parameter character #' in vertical mode.
l.141     #
            2D CNN Path
Sorry, but I'm not programmed to handle this case;
I'll just pretend that you didn't ask for it.
If you're in the wrong mode, you might be able to
return to the right one by typing `I}' or `I$' or `I\par'.

! Missing $ inserted.
<inserted text> 
                $
l.142     features_
                   2d = CNN2D(x_2d)    # Output: [batch_size, 1024]
I've inserted a begin-math/end-math symbol since I think
you left one out. Proceed, with fingers crossed.

! You can't use `macro parameter character #' in math mode.
l.142     features_2d = CNN2D(x_2d)    #
                                         Output: [batch_size, 1024]
Sorry, but I'm not programmed to handle this case;
I'll just pretend that you didn't ask for it.
If you're in the wrong mode, you might be able to
return to the right one by typing `I}' or `I$' or `I\par'.

! Missing $ inserted.
<inserted text> 
                $
l.143 
      
I've inserted a begin-math/end-math symbol since I think
you left one out. Proceed, with fingers crossed.

! You can't use `macro parameter character #' in vertical mode.
l.144     #
            Feature Fusion
Sorry, but I'm not programmed to handle this case;
I'll just pretend that you didn't ask for it.
If you're in the wrong mode, you might be able to
return to the right one by typing `I}' or `I$' or `I\par'.

! Missing $ inserted.
<inserted text> 
                $
l.145     combined_
                   features = Concatenate([features_1d, features_2d])    # [...
I've inserted a begin-math/end-math symbol since I think
you left one out. Proceed, with fingers crossed.

! You can't use `macro parameter character #' in math mode.
l.145 ...catenate([features_1d, features_2d])    #
                                                   [batch_size, 1536]
Sorry, but I'm not programmed to handle this case;
I'll just pretend that you didn't ask for it.
If you're in the wrong mode, you might be able to
return to the right one by typing `I}' or `I$' or `I\par'.

! Missing $ inserted.
<inserted text> 
                $
l.146 
      
I've inserted a begin-math/end-math symbol since I think
you left one out. Proceed, with fingers crossed.


Overfull \hbox (34.31049pt too wide) in paragraph at lines 144--146
[]\OT1/cmr/m/n/12 Feature Fusion combined$[]\OML/cmm/m/it/12 eatures \OT1/cmr/m/n/12 = \OML/cmm/m/it/12 Concatenate\OT1/cmr/m/n/12 ([\OML/cmm/m/it/12 features[]d; features[]d\OT1/cmr/m/n/12 ])[\OML/cmm/m/it/12 batch[]ize; \OT1/cmr/m/n/12 1536]$ 
 []

! You can't use `macro parameter character #' in vertical mode.
l.147     #
            Classification Head
Sorry, but I'm not programmed to handle this case;
I'll just pretend that you didn't ask for it.
If you're in the wrong mode, you might be able to
return to the right one by typing `I}' or `I$' or `I\par'.

! Missing $ inserted.
<inserted text> 
                $
l.149         Linear(in_
                        features=1536, out_features=128)
I've inserted a begin-math/end-math symbol since I think
you left one out. Proceed, with fingers crossed.

! Missing $ inserted.
<inserted text> 
                $
l.154 
      
I've inserted a begin-math/end-math symbol since I think
you left one out. Proceed, with fingers crossed.


Overfull \hbox (271.60825pt too wide) in paragraph at lines 147--154
[]\OT1/cmr/m/n/12 Classification Head FCLayer: Linear(in$[]\OML/cmm/m/it/12 eatures \OT1/cmr/m/n/12 = 1536\OML/cmm/m/it/12 ; out[]eatures \OT1/cmr/m/n/12 = 128)\OML/cmm/m/it/12 LayerNorm\OT1/cmr/m/n/12 (128)\OML/cmm/m/it/12 Activation\OT1/cmr/m/n/12 (\OML/cmm/m/it/12 ReLU=SiLU=ELU\OT1/cmr/m/n/12 )\OML/cmm/m/it/12 Dropout\OT1/cmr/m/n/12 (\OML/cmm/m/it/12 p \OT1/cmr/m/n/12 =
 []

! Missing $ inserted.
<inserted text> 
                $
l.155     output: Class probabilities [batch_
                                             size, num_classes]
I've inserted a begin-math/end-math symbol since I think
you left one out. Proceed, with fingers crossed.


! LaTeX Error: \begin{document} ended by \end{lstlisting}.

See the LaTeX manual or LaTeX Companion for explanation.
Type  H <return>  for immediate help.
 ...                                              
                                                  
l.156 \end{lstlisting}
                      
Your command was ignored.
Type  I <command> <return>  to replace it with another command,
or  <return>  to continue without it.

! Missing $ inserted.
<inserted text> 
                $
l.156 \end{lstlisting}
                      
I've inserted something that you may have forgotten.
(See the <inserted text> above.)
With luck, this will get me unwedged. But if you
really didn't forget anything, try typing `2' now; then
my insertion and my current dilemma will both disappear.



[9]
Overfull \hbox (0.40514pt too wide) in paragraph at lines 163--164
[]\OT1/cmr/bx/n/12 ResNet-based models\OT1/cmr/m/n/12 : We implemented ResNet-38 and ResNet-101 architectures
 []


Overfull \hbox (8.98463pt too wide) in paragraph at lines 169--170
[]\OT1/cmr/bx/n/12 Modified 1D feature extraction\OT1/cmr/m/n/12 : We experimented with a single-channel approach
 []



[10]) (./sections/experimental_setup.tex

! LaTeX Error: Environment lstlisting undefined.

See the LaTeX manual or LaTeX Companion for explanation.
Type  H <return>  for immediate help.
 ...                                              
                                                  
l.14 \begin{lstlisting}
                       [language=Python, caption=Data Splitting Implementation]
Your command was ignored.
Type  I <command> <return>  to replace it with another command,
or  <return>  to continue without it.

! You can't use `macro parameter character #' in horizontal mode.
l.15 #
       Train/Val/Test Split
Sorry, but I'm not programmed to handle this case;
I'll just pretend that you didn't ask for it.
If you're in the wrong mode, you might be able to
return to the right one by typing `I}' or `I$' or `I\par'.

! Missing $ inserted.
<inserted text> 
                $
l.16 train_
           val_files, test_files, train_val_labels, test_labels = train_test...
I've inserted a begin-math/end-math symbol since I think
you left one out. Proceed, with fingers crossed.


! LaTeX Error: \begin{document} ended by \end{lstlisting}.

See the LaTeX manual or LaTeX Companion for explanation.
Type  H <return>  for immediate help.
 ...                                              
                                                  
l.25 \end{lstlisting}
                     
Your command was ignored.
Type  I <command> <return>  to replace it with another command,
or  <return>  to continue without it.

! Missing $ inserted.
<inserted text> 
                $
l.25 \end{lstlisting}
                     
I've inserted something that you may have forgotten.
(See the <inserted text> above.)
With luck, this will get me unwedged. But if you
really didn't forget anything, try typing `2' now; then
my insertion and my current dilemma will both disappear.


Overfull \hbox (39.01521pt too wide) in paragraph at lines 14--26
\OT1/cmr/m/n/12 train$[]\OML/cmm/m/it/12 al[]iles; test[]iles; train[]al[]abels; test[]abels \OT1/cmr/m/n/12 = \OML/cmm/m/it/12 train[]est[]plit\OT1/cmr/m/n/12 (\OML/cmm/m/it/12 all[]av[]iles; all[]abels; test[]ize \OT1/cmr/m/n/12 =
 []


Overfull \hbox (2.63179pt too wide) in paragraph at lines 14--26
\OT1/cmr/m/n/12 0\OML/cmm/m/it/12 :\OT1/cmr/m/n/12 30\OML/cmm/m/it/12 ; random[]tate \OT1/cmr/m/n/12 = \OML/cmm/m/it/12 config:RANDOM[]EED; stratify \OT1/cmr/m/n/12 = \OML/cmm/m/it/12 all[]abels\OT1/cmr/m/n/12 )\OML/cmm/m/it/12 val[]plit[]roportion \OT1/cmr/m/n/12 =
 []


Overfull \hbox (63.36064pt too wide) in paragraph at lines 14--26
\OT1/cmr/m/n/12 0\OML/cmm/m/it/12 :\OT1/cmr/m/n/12 05\OML/cmm/m/it/12 train[]iles; val[]iles; train[]abels; val[]abels \OT1/cmr/m/n/12 = \OML/cmm/m/it/12 train[]est[]plit\OT1/cmr/m/n/12 (\OML/cmm/m/it/12 train[]al[]iles; train[]al[]abels; test[]ize \OT1/cmr/m/n/12 =
 []


LaTeX Warning: `h' float specifier changed to `ht'.


! LaTeX Error: Environment lstlisting undefined.

See the LaTeX manual or LaTeX Companion for explanation.
Type  H <return>  for immediate help.
 ...                                              
                                                  
l.68 \begin{lstlisting}
                       [language=Python, caption=Learning Rate Scheduler Imp...
Your command was ignored.
Type  I <command> <return>  to replace it with another command,
or  <return>  to continue without it.

! Missing $ inserted.
<inserted text> 
                $
l.69 def get_
             scheduler(optimizer, warmup_epochs, max_epochs, steps_per_epoch):
I've inserted a begin-math/end-math symbol since I think
you left one out. Proceed, with fingers crossed.

! Missing $ inserted.
<inserted text> 
                $
l.73 
     
I've inserted a begin-math/end-math symbol since I think
you left one out. Proceed, with fingers crossed.


Overfull \hbox (294.50589pt too wide) in paragraph at lines 68--73
[]\OT1/cmr/m/n/12 [language=Python, caption=Learning Rate Scheduler Implementation] def get$[]\OML/cmm/m/it/12 cheduler\OT1/cmr/m/n/12 (\OML/cmm/m/it/12 optimizer; warmup[]pochs; max[]pochs; steps[]er[]poch\OT1/cmr/m/n/12 ) :
 []


Overfull \hbox (49.55043pt too wide) in paragraph at lines 68--73
\OT1/cmr/m/n/12 """\OML/cmm/m/it/12 CreatesaSequentialLRscheduler \OT1/cmr/m/n/12 : \OML/cmm/m/it/12 LinearWarmup\OMS/cmsy/m/n/12 ^^@ \OML/cmm/m/it/12 > CosineAnnealing:\OT1/cmr/m/n/12 """\OML/cmm/m/it/12 warmup[]teps \OT1/cmr/m/n/12 =
 []

! You can't use `macro parameter character #' in vertical mode.
l.74     #
           Linear Warmup
Sorry, but I'm not programmed to handle this case;
I'll just pretend that you didn't ask for it.
If you're in the wrong mode, you might be able to
return to the right one by typing `I}' or `I$' or `I\par'.



[11]
! Missing $ inserted.
<inserted text> 
                $
l.75     def warmup_
                    lambda(current_step):
I've inserted a begin-math/end-math symbol since I think
you left one out. Proceed, with fingers crossed.

! Missing $ inserted.
<inserted text> 
                $
l.77 
     
I've inserted a begin-math/end-math symbol since I think
you left one out. Proceed, with fingers crossed.


Overfull \hbox (106.04466pt too wide) in paragraph at lines 74--77
[]\OT1/cmr/m/n/12 Linear Warmup def warmup$[]\OML/cmm/m/it/12 ambda\OT1/cmr/m/n/12 (\OML/cmm/m/it/12 current[]tep\OT1/cmr/m/n/12 ) : \OML/cmm/m/it/12 returnfloat\OT1/cmr/m/n/12 (\OML/cmm/m/it/12 current[]tep\OT1/cmr/m/n/12 )\OML/cmm/m/it/12 =float\OT1/cmr/m/n/12 (\OML/cmm/m/it/12 max\OT1/cmr/m/n/12 (1\OML/cmm/m/it/12 ; warmup[]teps\OT1/cmr/m/n/12 ))$ 
 []

! You can't use `macro parameter character #' in vertical mode.
l.78     #
           Cosine Annealing requires T_max in steps
Sorry, but I'm not programmed to handle this case;
I'll just pretend that you didn't ask for it.
If you're in the wrong mode, you might be able to
return to the right one by typing `I}' or `I$' or `I\par'.

! Missing $ inserted.
<inserted text> 
                $
l.78     # Cosine Annealing requires T_
                                       max in steps
I've inserted a begin-math/end-math symbol since I think
you left one out. Proceed, with fingers crossed.

! Missing $ inserted.
<inserted text> 
                $
l.82 
     
I've inserted a begin-math/end-math symbol since I think
you left one out. Proceed, with fingers crossed.


Overfull \hbox (50.44708pt too wide) in paragraph at lines 78--82
[]\OT1/cmr/m/n/12 Cosine Annealing requires T$[]\OML/cmm/m/it/12 axinstepsscheduler[]armup \OT1/cmr/m/n/12 = \OML/cmm/m/it/12 LambdaLR\OT1/cmr/m/n/12 (\OML/cmm/m/it/12 optimizer; lr[]ambda \OT1/cmr/m/n/12 =
 []


Overfull \hbox (48.3401pt too wide) in paragraph at lines 78--82
\OML/cmm/m/it/12 warmup[]ambda\OT1/cmr/m/n/12 )\OML/cmm/m/it/12 scheduler[]osine \OT1/cmr/m/n/12 = \OML/cmm/m/it/12 CosineAnnealingLR\OT1/cmr/m/n/12 (\OML/cmm/m/it/12 optimizer; T[]ax \OT1/cmr/m/n/12 = \OML/cmm/m/it/12 main[]teps; eta[]in \OT1/cmr/m/n/12 =
 []

! Missing $ inserted.
<inserted text> 
                $
l.83 ...entialLR(optimizer, schedulers=[scheduler_
                                                  warmup, scheduler_cosine],
I've inserted a begin-math/end-math symbol since I think
you left one out. Proceed, with fingers crossed.


! LaTeX Error: \begin{document} ended by \end{lstlisting}.

See the LaTeX manual or LaTeX Companion for explanation.
Type  H <return>  for immediate help.
 ...                                              
                                                  
l.86 \end{lstlisting}
                     
Your command was ignored.
Type  I <command> <return>  to replace it with another command,
or  <return>  to continue without it.

! Missing $ inserted.
<inserted text> 
                $
l.86 \end{lstlisting}
                     
I've inserted something that you may have forgotten.
(See the <inserted text> above.)
With luck, this will get me unwedged. But if you
really didn't forget anything, try typing `2' now; then
my insertion and my current dilemma will both disappear.


Overfull \hbox (72.68042pt too wide) in paragraph at lines 83--87
[]\OT1/cmr/m/n/12 scheduler = SequentialLR(optimizer, schedulers=[scheduler$[]\OML/cmm/m/it/12 armup; scheduler[]osine\OT1/cmr/m/n/12 ]\OML/cmm/m/it/12 ; milestones \OT1/cmr/m/n/12 =
 []


Overfull \hbox (2.42015pt too wide) in paragraph at lines 96--97
[]\OT1/cmr/bx/n/12 Confusion Matrix\OT1/cmr/m/n/12 : To visualize class-specific performance and identify challenging
 []


! LaTeX Error: Environment lstlisting undefined.

See the LaTeX manual or LaTeX Companion for explanation.
Type  H <return>  for immediate help.
 ...                                              
                                                  
l.101 \begin{lstlisting}
                        [language=Python, caption=Evaluation Metrics Impleme...
Your command was ignored.
Type  I <command> <return>  to replace it with another command,
or  <return>  to continue without it.

! You can't use `macro parameter character #' in horizontal mode.
l.102 #
        Initialize metrics using torchmetrics
Sorry, but I'm not programmed to handle this case;
I'll just pretend that you didn't ask for it.
If you're in the wrong mode, you might be able to
return to the right one by typing `I}' or `I$' or `I\par'.

! Missing $ inserted.
<inserted text> 
                $
l.103 num_
          target_classes = config.NUM_CLASSES
I've inserted a begin-math/end-math symbol since I think
you left one out. Proceed, with fingers crossed.

! Missing $ inserted.
<inserted text> 
                $
l.110 
      
I've inserted a begin-math/end-math symbol since I think
you left one out. Proceed, with fingers crossed.


Overfull \hbox (2388.53383pt too wide) in paragraph at lines 101--110
\OT1/cmr/m/n/12 using torchmetrics num$[]\OML/cmm/m/it/12 arget[]lasses \OT1/cmr/m/n/12 = \OML/cmm/m/it/12 config:NUM[]LASSESself:test[]etrics \OT1/cmr/m/n/12 = \OML/cmm/m/it/12 torchmetrics:MetricCollection\OT1/cmr/m/n/12 ([])\OML/cmm/m/it/12 :to\OT1/cmr/m/n/12 (\OML/cmm/m/it/12 self:device\OT1/cmr/m/n/12 )$ 
 []

! Missing $ inserted.
<inserted text> 
                $
l.111 self.conf_
                matrix_metric = torchmetrics.ConfusionMatrix(task="multiclas...
I've inserted a begin-math/end-math symbol since I think
you left one out. Proceed, with fingers crossed.


! LaTeX Error: \begin{document} ended by \end{lstlisting}.

See the LaTeX manual or LaTeX Companion for explanation.
Type  H <return>  for immediate help.
 ...                                              
                                                  
l.112 \end{lstlisting}
                      
Your command was ignored.
Type  I <command> <return>  to replace it with another command,
or  <return>  to continue without it.

! Missing $ inserted.
<inserted text> 
                $
l.112 \end{lstlisting}
                      
I've inserted something that you may have forgotten.
(See the <inserted text> above.)
With luck, this will get me unwedged. But if you
really didn't forget anything, try typing `2' now; then
my insertion and my current dilemma will both disappear.


Overfull \hbox (44.30388pt too wide) in paragraph at lines 111--113
[]\OT1/cmr/m/n/12 self.conf$[]\OML/cmm/m/it/12 atrix[]etric \OT1/cmr/m/n/12 = \OML/cmm/m/it/12 torchmetrics:ConfusionMatrix\OT1/cmr/m/n/12 (\OML/cmm/m/it/12 task \OT1/cmr/m/n/12 = "\OML/cmm/m/it/12 multiclass\OT1/cmr/m/n/12 "\OML/cmm/m/it/12 ; num[]lasses \OT1/cmr/m/n/12 =
 []



[12]) (./sections/results.tex
Overfull \hbox (13.36754pt too wide) in paragraph at lines 124--1
[]\OT1/cmr/m/n/12 All experiments were conducted with the same random seed (42) to ensure reproducibility
 []


LaTeX Warning: Reference `tab:overall_results' on page 13 undefined on input line 5.


Overfull \hbox (34.93237pt too wide) in paragraph at lines 11--23
 [][] 
 []


Overfull \hbox (0.18573pt too wide) in paragraph at lines 25--26
\OT1/cmr/m/n/12 score (64.1% and 0.639 respectively), outperforming even our combined model approaches.
 []


Overfull \hbox (10.95645pt too wide) in paragraph at lines 25--26
\OT1/cmr/m/n/12 This suggests that the mel spectrogram representations contain particularly rich information
 []


LaTeX Warning: Reference `fig:activation_lr_heatmap' on page 13 undefined on input line 29.


LaTeX Warning: File `images/activation_lr_heatmap.png' not found on input line 33.


! Package pdftex.def Error: File `images/activation_lr_heatmap.png' not found: using draft setting.

See the pdftex.def package documentation for explanation.
Type  H <return>  for immediate help.
 ...                                              
                                                  
l.33 ...xtwidth]{images/activation_lr_heatmap.png}
                                                  
Try typing  <return>  to proceed.
If that doesn't work, type  X <return>  to quit.


LaTeX Warning: `h' float specifier changed to `ht'.


Overfull \hbox (6.2816pt too wide) in paragraph at lines 41--42
\OT1/cmr/m/n/12 architectures benefit from different activation functions, with SiLU showing especially
 []



[13]

LaTeX Warning: `h' float specifier changed to `ht'.


LaTeX Warning: `h' float specifier changed to `ht'.


! LaTeX Error: Environment subfigure undefined.

See the LaTeX manual or LaTeX Companion for explanation.
Type  H <return>  for immediate help.
 ...                                              
                                                  
l.96     \begin{subfigure}
                          [b]{0.32\textwidth}
Your command was ignored.
Type  I <command> <return>  to replace it with another command,
or  <return>  to continue without it.

! Missing number, treated as zero.
<to be read again> 
                   }
l.96     \begin{subfigure}[b]{0.32\textwidth}
                                             
A number should have been here; I inserted `0'.
(If you can't figure out why I needed to see a number,
look up `weird error' in the index to The TeXbook.)

! Illegal unit of measure (pt inserted).
<to be read again> 
                   }
l.96     \begin{subfigure}[b]{0.32\textwidth}
                                             
Dimensions can be in units of em, ex, in, pt, pc,
cm, mm, dd, cc, nd, nc, bp, or sp; but yours is a new one!
I'll assume that you meant to say pt, for printer's points.
To recover gracefully from this error, it's best to
delete the erroneous units; e.g., type `2' to delete
two letters. (See Chapter 27 of The TeXbook.)

<1D/lr0.001-SiLU-1D-CF.png, id=63, 803.0pt x 602.25pt>
File: 1D/lr0.001-SiLU-1D-CF.png Graphic file (type png)
<use 1D/lr0.001-SiLU-1D-CF.png>
Package pdftex.def Info: 1D/lr0.001-SiLU-1D-CF.png  used on input line 97.
(pdftex.def)             Requested size: 452.9679pt x 339.72969pt.

! LaTeX Error: \begin{figure} on input line 94 ended by \end{subfigure}.

See the LaTeX manual or LaTeX Companion for explanation.
Type  H <return>  for immediate help.
 ...                                              
                                                  
l.99     \end{subfigure}
                        
Your command was ignored.
Type  I <command> <return>  to replace it with another command,
or  <return>  to continue without it.


! LaTeX Error: Environment subfigure undefined.

See the LaTeX manual or LaTeX Companion for explanation.
Type  H <return>  for immediate help.
 ...                                              
                                                  
l.100     \begin{subfigure}
                           [b]{0.32\textwidth}
Your command was ignored.
Type  I <command> <return>  to replace it with another command,
or  <return>  to continue without it.

! Missing number, treated as zero.
<to be read again> 
                   }
l.100     \begin{subfigure}[b]{0.32\textwidth}
                                              
A number should have been here; I inserted `0'.
(If you can't figure out why I needed to see a number,
look up `weird error' in the index to The TeXbook.)

! Illegal unit of measure (pt inserted).
<to be read again> 
                   }
l.100     \begin{subfigure}[b]{0.32\textwidth}
                                              
Dimensions can be in units of em, ex, in, pt, pc,
cm, mm, dd, cc, nd, nc, bp, or sp; but yours is a new one!
I'll assume that you meant to say pt, for printer's points.
To recover gracefully from this error, it's best to
delete the erroneous units; e.g., type `2' to delete
two letters. (See Chapter 27 of The TeXbook.)

<1D/lr0.001-ReLU-1D-CF.png, id=65, 803.0pt x 602.25pt>
File: 1D/lr0.001-ReLU-1D-CF.png Graphic file (type png)
<use 1D/lr0.001-ReLU-1D-CF.png>
Package pdftex.def Info: 1D/lr0.001-ReLU-1D-CF.png  used on input line 101.
(pdftex.def)             Requested size: 452.9679pt x 339.72969pt.

! LaTeX Error: \begin{figure} on input line 94 ended by \end{subfigure}.

See the LaTeX manual or LaTeX Companion for explanation.
Type  H <return>  for immediate help.
 ...                                              
                                                  
l.103     \end{subfigure}
                         
Your command was ignored.
Type  I <command> <return>  to replace it with another command,
or  <return>  to continue without it.


! LaTeX Error: Environment subfigure undefined.

See the LaTeX manual or LaTeX Companion for explanation.
Type  H <return>  for immediate help.
 ...                                              
                                                  
l.104     \begin{subfigure}
                           [b]{0.32\textwidth}
Your command was ignored.
Type  I <command> <return>  to replace it with another command,
or  <return>  to continue without it.

! Missing number, treated as zero.
<to be read again> 
                   }
l.104     \begin{subfigure}[b]{0.32\textwidth}
                                              
A number should have been here; I inserted `0'.
(If you can't figure out why I needed to see a number,
look up `weird error' in the index to The TeXbook.)

! Illegal unit of measure (pt inserted).
<to be read again> 
                   }
l.104     \begin{subfigure}[b]{0.32\textwidth}
                                              
Dimensions can be in units of em, ex, in, pt, pc,
cm, mm, dd, cc, nd, nc, bp, or sp; but yours is a new one!
I'll assume that you meant to say pt, for printer's points.
To recover gracefully from this error, it's best to
delete the erroneous units; e.g., type `2' to delete
two letters. (See Chapter 27 of The TeXbook.)

<1D/lr0.001-ELU-1D-CF.png, id=66, 803.0pt x 602.25pt>
File: 1D/lr0.001-ELU-1D-CF.png Graphic file (type png)
<use 1D/lr0.001-ELU-1D-CF.png>
Package pdftex.def Info: 1D/lr0.001-ELU-1D-CF.png  used on input line 105.
(pdftex.def)             Requested size: 452.9679pt x 339.72969pt.

! LaTeX Error: \begin{figure} on input line 94 ended by \end{subfigure}.

See the LaTeX manual or LaTeX Companion for explanation.
Type  H <return>  for immediate help.
 ...                                              
                                                  
l.107     \end{subfigure}
                         
Your command was ignored.
Type  I <command> <return>  to replace it with another command,
or  <return>  to continue without it.


LaTeX Warning: Float too large for page by 481.1822pt on input line 110.


LaTeX Warning: `h' float specifier changed to `ht'.


! LaTeX Error: Environment subfigure undefined.

See the LaTeX manual or LaTeX Companion for explanation.
Type  H <return>  for immediate help.
 ...                                              
                                                  
l.116     \begin{subfigure}
                           [b]{0.32\textwidth}
Your command was ignored.
Type  I <command> <return>  to replace it with another command,
or  <return>  to continue without it.

! Missing number, treated as zero.
<to be read again> 
                   }
l.116     \begin{subfigure}[b]{0.32\textwidth}
                                              
A number should have been here; I inserted `0'.
(If you can't figure out why I needed to see a number,
look up `weird error' in the index to The TeXbook.)

! Illegal unit of measure (pt inserted).
<to be read again> 
                   }
l.116     \begin{subfigure}[b]{0.32\textwidth}
                                              
Dimensions can be in units of em, ex, in, pt, pc,
cm, mm, dd, cc, nd, nc, bp, or sp; but yours is a new one!
I'll assume that you meant to say pt, for printer's points.
To recover gracefully from this error, it's best to
delete the erroneous units; e.g., type `2' to delete
two letters. (See Chapter 27 of The TeXbook.)

<2D/lr0.001-SiLU-2D-CF.png, id=67, 803.0pt x 602.25pt>
File: 2D/lr0.001-SiLU-2D-CF.png Graphic file (type png)
<use 2D/lr0.001-SiLU-2D-CF.png>
Package pdftex.def Info: 2D/lr0.001-SiLU-2D-CF.png  used on input line 117.
(pdftex.def)             Requested size: 452.9679pt x 339.72969pt.

! LaTeX Error: \begin{figure} on input line 114 ended by \end{subfigure}.

See the LaTeX manual or LaTeX Companion for explanation.
Type  H <return>  for immediate help.
 ...                                              
                                                  
l.119     \end{subfigure}
                         
Your command was ignored.
Type  I <command> <return>  to replace it with another command,
or  <return>  to continue without it.


! LaTeX Error: Environment subfigure undefined.

See the LaTeX manual or LaTeX Companion for explanation.
Type  H <return>  for immediate help.
 ...                                              
                                                  
l.120     \begin{subfigure}
                           [b]{0.32\textwidth}
Your command was ignored.
Type  I <command> <return>  to replace it with another command,
or  <return>  to continue without it.

! Missing number, treated as zero.
<to be read again> 
                   }
l.120     \begin{subfigure}[b]{0.32\textwidth}
                                              
A number should have been here; I inserted `0'.
(If you can't figure out why I needed to see a number,
look up `weird error' in the index to The TeXbook.)

! Illegal unit of measure (pt inserted).
<to be read again> 
                   }
l.120     \begin{subfigure}[b]{0.32\textwidth}
                                              
Dimensions can be in units of em, ex, in, pt, pc,
cm, mm, dd, cc, nd, nc, bp, or sp; but yours is a new one!
I'll assume that you meant to say pt, for printer's points.
To recover gracefully from this error, it's best to
delete the erroneous units; e.g., type `2' to delete
two letters. (See Chapter 27 of The TeXbook.)

<2D/lr0.001-ReLU-2D-CF.png, id=68, 803.0pt x 602.25pt>
File: 2D/lr0.001-ReLU-2D-CF.png Graphic file (type png)
<use 2D/lr0.001-ReLU-2D-CF.png>
Package pdftex.def Info: 2D/lr0.001-ReLU-2D-CF.png  used on input line 121.
(pdftex.def)             Requested size: 452.9679pt x 339.72969pt.

! LaTeX Error: \begin{figure} on input line 114 ended by \end{subfigure}.

See the LaTeX manual or LaTeX Companion for explanation.
Type  H <return>  for immediate help.
 ...                                              
                                                  
l.123     \end{subfigure}
                         
Your command was ignored.
Type  I <command> <return>  to replace it with another command,
or  <return>  to continue without it.


! LaTeX Error: Environment subfigure undefined.

See the LaTeX manual or LaTeX Companion for explanation.
Type  H <return>  for immediate help.
 ...                                              
                                                  
l.124     \begin{subfigure}
                           [b]{0.32\textwidth}
Your command was ignored.
Type  I <command> <return>  to replace it with another command,
or  <return>  to continue without it.

! Missing number, treated as zero.
<to be read again> 
                   }
l.124     \begin{subfigure}[b]{0.32\textwidth}
                                              
A number should have been here; I inserted `0'.
(If you can't figure out why I needed to see a number,
look up `weird error' in the index to The TeXbook.)

! Illegal unit of measure (pt inserted).
<to be read again> 
                   }
l.124     \begin{subfigure}[b]{0.32\textwidth}
                                              
Dimensions can be in units of em, ex, in, pt, pc,
cm, mm, dd, cc, nd, nc, bp, or sp; but yours is a new one!
I'll assume that you meant to say pt, for printer's points.
To recover gracefully from this error, it's best to
delete the erroneous units; e.g., type `2' to delete
two letters. (See Chapter 27 of The TeXbook.)

<2D/lr0.001-ELU-2D-CF.png, id=69, 803.0pt x 602.25pt>
File: 2D/lr0.001-ELU-2D-CF.png Graphic file (type png)
<use 2D/lr0.001-ELU-2D-CF.png>
Package pdftex.def Info: 2D/lr0.001-ELU-2D-CF.png  used on input line 125.
(pdftex.def)             Requested size: 452.9679pt x 339.72969pt.

! LaTeX Error: \begin{figure} on input line 114 ended by \end{subfigure}.

See the LaTeX manual or LaTeX Companion for explanation.
Type  H <return>  for immediate help.
 ...                                              
                                                  
l.127     \end{subfigure}
                         
Your command was ignored.
Type  I <command> <return>  to replace it with another command,
or  <return>  to continue without it.


LaTeX Warning: Float too large for page by 481.1822pt on input line 130.


LaTeX Warning: `h' float specifier changed to `ht'.



[14]

[15]

! LaTeX Error: Environment subfigure undefined.

See the LaTeX manual or LaTeX Companion for explanation.
Type  H <return>  for immediate help.
 ...                                              
                                                  
l.153     \begin{subfigure}
                           [b]{0.48\textwidth}
Your command was ignored.
Type  I <command> <return>  to replace it with another command,
or  <return>  to continue without it.

! Missing number, treated as zero.
<to be read again> 
                   }
l.153     \begin{subfigure}[b]{0.48\textwidth}
                                              
A number should have been here; I inserted `0'.
(If you can't figure out why I needed to see a number,
look up `weird error' in the index to The TeXbook.)

! Illegal unit of measure (pt inserted).
<to be read again> 
                   }
l.153     \begin{subfigure}[b]{0.48\textwidth}
                                              
Dimensions can be in units of em, ex, in, pt, pc,
cm, mm, dd, cc, nd, nc, bp, or sp; but yours is a new one!
I'll assume that you meant to say pt, for printer's points.
To recover gracefully from this error, it's best to
delete the erroneous units; e.g., type `2' to delete
two letters. (See Chapter 27 of The TeXbook.)

<1D/1d-train.png, id=76, 880.79062pt x 274.77657pt>
File: 1D/1d-train.png Graphic file (type png)
<use 1D/1d-train.png>
Package pdftex.def Info: 1D/1d-train.png  used on input line 154.
(pdftex.def)             Requested size: 452.9679pt x 141.30815pt.

! LaTeX Error: \begin{figure} on input line 151 ended by \end{subfigure}.

See the LaTeX manual or LaTeX Companion for explanation.
Type  H <return>  for immediate help.
 ...                                              
                                                  
l.156     \end{subfigure}
                         
Your command was ignored.
Type  I <command> <return>  to replace it with another command,
or  <return>  to continue without it.


! LaTeX Error: Environment subfigure undefined.

See the LaTeX manual or LaTeX Companion for explanation.
Type  H <return>  for immediate help.
 ...                                              
                                                  
l.158     \begin{subfigure}
                           [b]{0.48\textwidth}
Your command was ignored.
Type  I <command> <return>  to replace it with another command,
or  <return>  to continue without it.

! Missing number, treated as zero.
<to be read again> 
                   }
l.158     \begin{subfigure}[b]{0.48\textwidth}
                                              
A number should have been here; I inserted `0'.
(If you can't figure out why I needed to see a number,
look up `weird error' in the index to The TeXbook.)

! Illegal unit of measure (pt inserted).
<to be read again> 
                   }
l.158     \begin{subfigure}[b]{0.48\textwidth}
                                              
Dimensions can be in units of em, ex, in, pt, pc,
cm, mm, dd, cc, nd, nc, bp, or sp; but yours is a new one!
I'll assume that you meant to say pt, for printer's points.
To recover gracefully from this error, it's best to
delete the erroneous units; e.g., type `2' to delete
two letters. (See Chapter 27 of The TeXbook.)

<1D/1d-val.png, id=77, 883.80188pt x 273.27094pt>
File: 1D/1d-val.png Graphic file (type png)
<use 1D/1d-val.png>
Package pdftex.def Info: 1D/1d-val.png  used on input line 159.
(pdftex.def)             Requested size: 452.9679pt x 140.0585pt.

! LaTeX Error: \begin{figure} on input line 151 ended by \end{subfigure}.

See the LaTeX manual or LaTeX Companion for explanation.
Type  H <return>  for immediate help.
 ...                                              
                                                  
l.161     \end{subfigure}
                         
Your command was ignored.
Type  I <command> <return>  to replace it with another command,
or  <return>  to continue without it.


LaTeX Warning: `h' float specifier changed to `ht'.


! LaTeX Error: Environment subfigure undefined.

See the LaTeX manual or LaTeX Companion for explanation.
Type  H <return>  for immediate help.
 ...                                              
                                                  
l.168     \begin{subfigure}
                           [b]{0.48\textwidth}
Your command was ignored.
Type  I <command> <return>  to replace it with another command,
or  <return>  to continue without it.

! Missing number, treated as zero.
<to be read again> 
                   }
l.168     \begin{subfigure}[b]{0.48\textwidth}
                                              
A number should have been here; I inserted `0'.
(If you can't figure out why I needed to see a number,
look up `weird error' in the index to The TeXbook.)

! Illegal unit of measure (pt inserted).
<to be read again> 
                   }
l.168     \begin{subfigure}[b]{0.48\textwidth}
                                              
Dimensions can be in units of em, ex, in, pt, pc,
cm, mm, dd, cc, nd, nc, bp, or sp; but yours is a new one!
I'll assume that you meant to say pt, for printer's points.
To recover gracefully from this error, it's best to
delete the erroneous units; e.g., type `2' to delete
two letters. (See Chapter 27 of The TeXbook.)

<2D/2d-train.png, id=78, 724.95844pt x 257.46187pt>
File: 2D/2d-train.png Graphic file (type png)
<use 2D/2d-train.png>
Package pdftex.def Info: 2D/2d-train.png  used on input line 169.
(pdftex.def)             Requested size: 452.9679pt x 160.87004pt.

! LaTeX Error: \begin{figure} on input line 166 ended by \end{subfigure}.

See the LaTeX manual or LaTeX Companion for explanation.
Type  H <return>  for immediate help.
 ...                                              
                                                  
l.171     \end{subfigure}
                         
Your command was ignored.
Type  I <command> <return>  to replace it with another command,
or  <return>  to continue without it.


! LaTeX Error: Environment subfigure undefined.

See the LaTeX manual or LaTeX Companion for explanation.
Type  H <return>  for immediate help.
 ...                                              
                                                  
l.173     \begin{subfigure}
                           [b]{0.48\textwidth}
Your command was ignored.
Type  I <command> <return>  to replace it with another command,
or  <return>  to continue without it.

! Missing number, treated as zero.
<to be read again> 
                   }
l.173     \begin{subfigure}[b]{0.48\textwidth}
                                              
A number should have been here; I inserted `0'.
(If you can't figure out why I needed to see a number,
look up `weird error' in the index to The TeXbook.)

! Illegal unit of measure (pt inserted).
<to be read again> 
                   }
l.173     \begin{subfigure}[b]{0.48\textwidth}
                                              
Dimensions can be in units of em, ex, in, pt, pc,
cm, mm, dd, cc, nd, nc, bp, or sp; but yours is a new one!
I'll assume that you meant to say pt, for printer's points.
To recover gracefully from this error, it's best to
delete the erroneous units; e.g., type `2' to delete
two letters. (See Chapter 27 of The TeXbook.)

<2D/2d-val.png, id=79, 721.94719pt x 259.7203pt>
File: 2D/2d-val.png Graphic file (type png)
<use 2D/2d-val.png>
Package pdftex.def Info: 2D/2d-val.png  used on input line 174.
(pdftex.def)             Requested size: 452.9679pt x 162.9549pt.

! LaTeX Error: \begin{figure} on input line 166 ended by \end{subfigure}.

See the LaTeX manual or LaTeX Companion for explanation.
Type  H <return>  for immediate help.
 ...                                              
                                                  
l.176     \end{subfigure}
                         
Your command was ignored.
Type  I <command> <return>  to replace it with another command,
or  <return>  to continue without it.


LaTeX Warning: `h' float specifier changed to `ht'.


Overfull \hbox (31.55028pt too wide) in paragraph at lines 204--205
[]\OT1/cmr/bx/n/12 Advanced activation functions matter\OT1/cmr/m/n/12 : SiLU (Swish) activation function significantly
 []


Overfull \hbox (0.92342pt too wide) in paragraph at lines 204--205
\OT1/cmr/m/n/12 improved performance, particularly for 2D CNN models, offering almost 6% absolute
 []


Overfull \hbox (26.65398pt too wide) in paragraph at lines 208--209
[]\OT1/cmr/bx/n/12 Learning rate tuning is critical\OT1/cmr/m/n/12 : The optimal learning rate varied across architectures,
 []



[16]) (./sections/conclusion.tex
Overfull \hbox (20.67749pt too wide) in paragraph at lines 12--13
[]\OT1/cmr/bx/n/12 Activation functions matter\OT1/cmr/m/n/12 : Different architectures benefit from different activation
 []


Overfull \hbox (2.4009pt too wide) in paragraph at lines 14--15
[]\OT1/cmr/bx/n/12 Variable-length processing improves results\OT1/cmr/m/n/12 : Processing audio with its original
 []


Overfull \hbox (25.81602pt too wide) in paragraph at lines 18--19
[]\OT1/cmr/bx/n/12 Emotion recognition is inherently asymmetric\OT1/cmr/m/n/12 : Some emotions (Anger, Happiness)
 []



[17]
Overfull \hbox (9.8147pt too wide) in paragraph at lines 26--27
[]\OT1/cmr/bx/n/12 Dataset limitations\OT1/cmr/m/n/12 : The CREMA dataset, while diverse, consists of acted emotions
 []


Overfull \hbox (3.61243pt too wide) in paragraph at lines 48--49
[]\OT1/cmr/bx/n/12 Custom activation functions\OT1/cmr/m/n/12 : Given the significant impact of activation functions
 []

)

[18]

[19 <./1D/lr0.001-SiLU-1D-CF.png> <./1D/lr0.001-ReLU-1D-CF.png> <./1D/lr0.001-ELU-1D-CF.png>]

[20 <./2D/lr0.001-SiLU-2D-CF.png> <./2D/lr0.001-ReLU-2D-CF.png> <./2D/lr0.001-ELU-2D-CF.png>]

[21 <./1D/1d-train.png> <./1D/1d-val.png>]

[22 <./2D/2d-train.png> <./2D/2d-val.png>] (./main.aux)
 ***********
LaTeX2e <2024-11-01> patch level 2
L3 programming layer <2025-01-18>
 ***********


LaTeX Warning: There were undefined references.


LaTeX Warning: Label(s) may have changed. Rerun to get cross-references right.

 ) 
Here is how much of TeX's memory you used:
 4331 strings out of 475171
 75563 string characters out of 5763733
 476257 words of memory out of 5000000
 27278 multiletter control sequences out of 15000+600000
 567056 words of font info for 67 fonts, out of 8000000 for 9000
 14 hyphenation exceptions out of 8191
 57i,8n,65p,760b,256s stack positions out of 10000i,1000n,20000p,200000b,200000s
 <c:/Users/Blu-Ray/AppData/Roaming/TinyTeX/texmf-var/fonts/pk/ljfour/jknappen/ec/tcrm1200.600pk><c:/Users/Blu-Ray/AppData/Roaming/TinyTeX/texmf-dist/fonts/type1/public/amsfonts/cm/cmbx10.pfb><c:/Users/Blu-Ray/AppData/Roaming/TinyTeX/texmf-dist/fonts/type1/public/amsfonts/cm/cmbx12.pfb><c:/Users/Blu-Ray/AppData/Roaming/TinyTeX/texmf-dist/fonts/type1/public/amsfonts/cm/cmmi12.pfb><c:/Users/Blu-Ray/AppData/Roaming/TinyTeX/texmf-dist/fonts/type1/public/amsfonts/cm/cmmi8.pfb><c:/Users/Blu-Ray/AppData/Roaming/TinyTeX/texmf-dist/fonts/type1/public/amsfonts/cm/cmr10.pfb><c:/Users/Blu-Ray/AppData/Roaming/TinyTeX/texmf-dist/fonts/type1/public/amsfonts/cm/cmr12.pfb><c:/Users/Blu-Ray/AppData/Roaming/TinyTeX/texmf-dist/fonts/type1/public/amsfonts/cm/cmr6.pfb><c:/Users/Blu-Ray/AppData/Roaming/TinyTeX/texmf-dist/fonts/type1/public/amsfonts/cm/cmr8.pfb><c:/Users/Blu-Ray/AppData/Roaming/TinyTeX/texmf-dist/fonts/type1/public/amsfonts/cm/cmsy10.pfb><c:/Users/Blu-Ray/AppData/Roaming/TinyTeX/texmf-dist/fonts/type1/public/amsfonts/cm/cmsy8.pfb><c:/Users/Blu-Ray/AppData/Roaming/TinyTeX/texmf-dist/fonts/type1/public/amsfonts/cm/cmtt10.pfb><c:/Users/Blu-Ray/AppData/Roaming/TinyTeX/texmf-dist/fonts/type1/public/amsfonts/cm/cmtt12.pfb>
Output written on main.pdf (24 pages, 883784 bytes).
PDF statistics:
 168 PDF objects out of 1000 (max. 8388607)
 95 compressed objects within 1 object stream
 0 named destinations out of 1000 (max. 500000)
 51 words of extra memory for PDF output out of 10000 (max. 10000000)

